<?xml version="1.0" encoding="UTF-8"?>
<!-- Generated by org.testng.reporters.JUnitReportReporter -->
<testsuite hostname="LAPTOP-4P9U0Q6L" failures="0" tests="1" name="assertions.WhyNotIfElse" time="0.029" errors="0" timestamp="2023-10-18T13:25:01 IST" skipped="0">
  <testcase classname="assertions.WhyNotIfElse" name="demo" time="0.029"/>
</testsuite> <!-- assertions.WhyNotIfElse -->
