<?xml version="1.0" encoding="UTF-8"?>
<!-- Generated by org.testng.reporters.JUnitReportReporter -->
<testsuite hostname="LAPTOP-4P9U0Q6L" failures="0" tests="1" name="listener.TestClass4" time="0.001" errors="0" timestamp="2023-10-18T19:33:43 IST" skipped="0">
  <testcase classname="listener.TestClass4" name="test0" time="0.001"/>
</testsuite> <!-- listener.TestClass4 -->
