<?xml version="1.0" encoding="UTF-8"?>
<!-- Generated by org.testng.reporters.JUnitReportReporter -->
<testsuite hostname="LAPTOP-4P9U0Q6L" failures="0" tests="2" name="parallel.TestClasses3" time="0.019" errors="0" timestamp="2023-10-18T19:10:35 IST" skipped="0">
  <testcase classname="parallel.TestClasses3" name="demo1" time="0.015"/>
  <testcase classname="parallel.TestClasses3" name="demo2" time="0.004"/>
</testsuite> <!-- parallel.TestClasses3 -->
