<?xml version="1.0" encoding="UTF-8"?>
<!-- Generated by org.testng.reporters.JUnitReportReporter -->
<testsuite hostname="LAPTOP-4P9U0Q6L" failures="0" tests="2" name="parallel.TestClasses4" time="0.005" errors="0" timestamp="2023-10-18T19:10:35 IST" skipped="0">
  <testcase classname="parallel.TestClasses4" name="demo1" time="0.002"/>
  <testcase classname="parallel.TestClasses4" name="demo2" time="0.003"/>
</testsuite> <!-- parallel.TestClasses4 -->
