<?xml version="1.0" encoding="UTF-8"?>
<!-- Generated by org.testng.reporters.JUnitReportReporter -->
<testsuite hostname="LAPTOP-4P9U0Q6L" failures="0" tests="2" name="groupexecution.TestClasses2" time="0.012" errors="0" timestamp="2023-10-18T18:43:25 IST" skipped="0">
  <testcase classname="groupexecution.TestClasses2" name="demo2" time="0.010"/>
  <testcase classname="groupexecution.TestClasses2" name="demo3" time="0.002"/>
</testsuite> <!-- groupexecution.TestClasses2 -->
