<?xml version="1.0" encoding="UTF-8"?>
<!-- Generated by org.testng.reporters.JUnitReportReporter -->
<testsuite hostname="LAPTOP-4P9U0Q6L" failures="0" tests="1" name="groupexecution.TestClasses4" time="0.002" errors="0" timestamp="2023-10-18T18:43:25 IST" skipped="0">
  <testcase classname="groupexecution.TestClasses4" name="demo2" time="0.002"/>
</testsuite> <!-- groupexecution.TestClasses4 -->
