<?xml version="1.0" encoding="UTF-8"?>
<!-- Generated by org.testng.reporters.JUnitReportReporter -->
<testsuite hostname="LAPTOP-4P9U0Q6L" failures="0" tests="2" name="batchexecution.TestClass3" time="0.021" errors="0" timestamp="2023-10-18T13:35:54 IST" skipped="0">
  <testcase classname="batchexecution.TestClass3" name="demo1" time="0.018"/>
  <testcase classname="batchexecution.TestClass3" name="demo2" time="0.003"/>
</testsuite> <!-- batchexecution.TestClass3 -->
