<?xml version="1.0" encoding="UTF-8"?>
<!-- Generated by org.testng.reporters.JUnitReportReporter -->
<testsuite hostname="LAPTOP-4P9U0Q6L" failures="0" tests="2" name="batchexecution.TestClass1" time="0.021" errors="0" timestamp="2023-10-18T13:53:46 IST" skipped="0">
  <testcase classname="batchexecution.TestClass1" name="demo1" time="0.017"/>
  <testcase classname="batchexecution.TestClass1" name="demo2" time="0.004"/>
</testsuite> <!-- batchexecution.TestClass1 -->
