<?xml version="1.0" encoding="UTF-8"?>
<!-- Generated by org.testng.reporters.JUnitReportReporter -->
<testsuite hostname="LAPTOP-4P9U0Q6L" failures="0" tests="1" name="testng.SampleTest" time="0.023" errors="0" timestamp="2023-10-11T21:51:13 IST" skipped="0">
  <testcase classname="testng.SampleTest" name="demo" time="0.023"/>
</testsuite> <!-- testng.SampleTest -->
