<?xml version="1.0" encoding="UTF-8"?>
<!-- Generated by org.testng.reporters.JUnitReportReporter -->
<testsuite hostname="LAPTOP-4P9U0Q6L" failures="0" tests="2" name="parallel.TestClasses5" time="0.015" errors="0" timestamp="2023-10-18T19:10:35 IST" skipped="0">
  <testcase classname="parallel.TestClasses5" name="demo2" time="0.001"/>
  <testcase classname="parallel.TestClasses5" name="demo1" time="0.014"/>
</testsuite> <!-- parallel.TestClasses5 -->
