<?xml version="1.0" encoding="UTF-8"?>
<!-- Generated by org.testng.reporters.JUnitReportReporter -->
<testsuite hostname="LAPTOP-4P9U0Q6L" failures="0" tests="3" name="testng.DataProvidersPractice" time="0.010" errors="0" timestamp="2023-10-27T11:11:36 IST" skipped="0">
  <testcase classname="testng.DataProvidersPractice" name="bookTicketTest" time="0.007"/>
  <testcase classname="testng.DataProvidersPractice" name="bookTicketTest" time="0.001"/>
  <testcase classname="testng.DataProvidersPractice" name="bookTicketTest" time="0.002"/>
</testsuite> <!-- testng.DataProvidersPractice -->
